<?xml version="1.0" encoding="UTF-8"?>
<testsuite xmlns:xsi="http://www.w3.org/2001/XMLSchema-instance" xsi:noNamespaceSchemaLocation="https://maven.apache.org/surefire/maven-surefire-plugin/xsd/surefire-test-report.xsd" name="ua.pt.meteorology.MeteorologyResourcesTest" time="37.726" tests="25" errors="0" skipped="0" failures="0">
  <properties>
[...]
</properties>
  <testcase name="testGetLocalData_BadStartDay" classname="ua.pt.meteorology.MeteorologyResourcesTest" time="0.022"/>
  <testcase name="testGetLocalData_BadEndDay" classname="ua.pt.meteorology.MeteorologyResourcesTest" time="0.005"/>
  <testcase name="testGetWeatherDesc" classname="ua.pt.meteorology.MeteorologyResourcesTest" time="0.007"/>
  <testcase name="testGetWindDesc_AllKeysAndValuesAreString" classname="ua.pt.meteorology.MeteorologyResourcesTest" time="1.692"/>
  <testcase name="testGetLocalData_NonExistantCity" classname="ua.pt.meteorology.MeteorologyResourcesTest" time="0.684"/>
  <testcase name="testWeatherType" classname="ua.pt.meteorology.MeteorologyResourcesTest" time="0.005"/>
  <testcase name="testAllCities_ResponseIs200AndContentIsJSON" classname="ua.pt.meteorology.MeteorologyResourcesTest" time="0.084"/>
  <testcase name="testWindType" classname="ua.pt.meteorology.MeteorologyResourcesTest" time="0.004"/>
  <testcase name="testGetLocalData_ResponseIs200AndContentIsJSON" classname="ua.pt.meteorology.MeteorologyResourcesTest" time="0.026"/>
  <testcase name="testGetWeatherDesc_ResponseIs200AndContentIsJSON" classname="ua.pt.meteorology.MeteorologyResourcesTest" time="0.028"/>
  <testcase name="testCacheAfterNewRequest" classname="ua.pt.meteorology.MeteorologyResourcesTest" time="0.71"/>
  <testcase name="testGlobalIdData" classname="ua.pt.meteorology.MeteorologyResourcesTest" time="0.004"/>
  <testcase name="testGetAllCities" classname="ua.pt.meteorology.MeteorologyResourcesTest" time="0.005"/>
  <testcase name="testGetLocalData_CheckResponseArraySize" classname="ua.pt.meteorology.MeteorologyResourcesTest" time="0.396"/>
  <testcase name="testGetJsonFromApi_RightUrl" classname="ua.pt.meteorology.MeteorologyResourcesTest" time="0.002"/>
  <testcase name="testGetWindDesc" classname="ua.pt.meteorology.MeteorologyResourcesTest" time="0.004"/>
  <testcase name="testResponseFromCacheEqualsToResponseFromApi" classname="ua.pt.meteorology.MeteorologyResourcesTest" time="1.903"/>
  <testcase name="testGetWeatherDesc_AllKeysAndValuesAreString" classname="ua.pt.meteorology.MeteorologyResourcesTest" time="0.031"/>
  <testcase name="testGetWindDesc_ResponseIs200AndContentIsJSON" classname="ua.pt.meteorology.MeteorologyResourcesTest" time="0.012"/>
  <testcase name="testInitializeData" classname="ua.pt.meteorology.MeteorologyResourcesTest" time="0.786"/>
  <testcase name="testGetLocalData_EndDayBiggerThanStartDay" classname="ua.pt.meteorology.MeteorologyResourcesTest" time="0.004"/>
  <testcase name="testAllCities_VerifyIfAllElementsAreString" classname="ua.pt.meteorology.MeteorologyResourcesTest" time="0.023"/>
  <testcase name="testGetLocalDataFromApi" classname="ua.pt.meteorology.MeteorologyResourcesTest" time="0.08"/>
  <testcase name="testCacheAfter30SecondsOfNewRequest" classname="ua.pt.meteorology.MeteorologyResourcesTest" time="30.654"/>
  <testcase name="testGetJsonFromApi_BadUrl" classname="ua.pt.meteorology.MeteorologyResourcesTest" time="0.034"/>
</testsuite>