-------------------------------------------------------------------------------
Test set: ua.pt.meteorology.MeteorologyResourcesTest
-------------------------------------------------------------------------------
Tests run: 14, Failures: 0, Errors: 8, Skipped: 0, Time elapsed: 34.243 s <<< FAILURE! - in ua.pt.meteorology.MeteorologyResourcesTest
testGetWindDesc_AllKeysAndValuesAreString(ua.pt.meteorology.MeteorologyResourcesTest)  Time elapsed: 1.047 s  <<< ERROR!
java.net.ConnectException: Connection refused (Connection refused)
	at ua.pt.meteorology.MeteorologyResourcesTest.testGetWindDesc_AllKeysAndValuesAreString(MeteorologyResourcesTest.java:222)

testAllCities_ResponseIs200AndContentIsJSON(ua.pt.meteorology.MeteorologyResourcesTest)  Time elapsed: 0.025 s  <<< ERROR!
java.net.ConnectException: Connection refused (Connection refused)
	at ua.pt.meteorology.MeteorologyResourcesTest.testAllCities_ResponseIs200AndContentIsJSON(MeteorologyResourcesTest.java:159)

testGetLocalData_ResponseIs200AndContentIsJSON(ua.pt.meteorology.MeteorologyResourcesTest)  Time elapsed: 0.026 s  <<< ERROR!
java.net.ConnectException: Connection refused (Connection refused)
	at ua.pt.meteorology.MeteorologyResourcesTest.testGetLocalData_ResponseIs200AndContentIsJSON(MeteorologyResourcesTest.java:237)

testGetWeatherDesc_ResponseIs200AndContentIsJSON(ua.pt.meteorology.MeteorologyResourcesTest)  Time elapsed: 0.025 s  <<< ERROR!
java.net.ConnectException: Connection refused (Connection refused)
	at ua.pt.meteorology.MeteorologyResourcesTest.testGetWeatherDesc_ResponseIs200AndContentIsJSON(MeteorologyResourcesTest.java:183)

testGetLocalData_CheckResponseArraySize(ua.pt.meteorology.MeteorologyResourcesTest)  Time elapsed: 0.071 s  <<< ERROR!
java.net.ConnectException: Connection refused (Connection refused)
	at ua.pt.meteorology.MeteorologyResourcesTest.testGetLocalData_CheckResponseArraySize(MeteorologyResourcesTest.java:254)

testGetWeatherDesc_AllKeysAndValuesAreString(ua.pt.meteorology.MeteorologyResourcesTest)  Time elapsed: 0.02 s  <<< ERROR!
java.net.ConnectException: Connection refused (Connection refused)
	at ua.pt.meteorology.MeteorologyResourcesTest.testGetWeatherDesc_AllKeysAndValuesAreString(MeteorologyResourcesTest.java:195)

testGetWindDesc_ResponseIs200AndContentIsJSON(ua.pt.meteorology.MeteorologyResourcesTest)  Time elapsed: 0.012 s  <<< ERROR!
java.net.ConnectException: Connection refused (Connection refused)
	at ua.pt.meteorology.MeteorologyResourcesTest.testGetWindDesc_ResponseIs200AndContentIsJSON(MeteorologyResourcesTest.java:210)

testAllCities_VerifyIfAllElementsAreString(ua.pt.meteorology.MeteorologyResourcesTest)  Time elapsed: 0.011 s  <<< ERROR!
java.net.ConnectException: Connection refused (Connection refused)
	at ua.pt.meteorology.MeteorologyResourcesTest.testAllCities_VerifyIfAllElementsAreString(MeteorologyResourcesTest.java:171)

